07-08-2022 @ 20:37:23 - 3.1.0 - No subscription webhooks found using API version 3. No updates needed.
07-08-2022 @ 20:37:23 - 3.1.0 - No subscription webhooks found using API version 3. No updates needed.
07-08-2022 @ 20:37:23 - 3.1.6 upgrade complete from Subscriptions v0 while WooCommerce WC_VERSION 6.6.1 and database version 6.6.1 was active.
07-08-2022 @ 20:37:23 - Environment info:
07-08-2022 @ 20:37:23 - 3.1.6 upgrade complete from Subscriptions v0 while WooCommerce WC_VERSION 6.6.1 and database version 6.6.1 was active.
07-08-2022 @ 20:37:23 -     WordPress Version : 6.0
07-08-2022 @ 20:37:23 - Environment info:
07-08-2022 @ 20:37:23 - Active Plugins:
07-08-2022 @ 20:37:23 -     WordPress Version : 6.0
07-08-2022 @ 20:37:23 -     Bluehost by Bluehost – 2.10.1
07-08-2022 @ 20:37:23 - Active Plugins:
07-08-2022 @ 20:37:23 -     Creative Mail by Constant Contact by Constant Contact – 1.5.3
07-08-2022 @ 20:37:23 -     Bluehost by Bluehost – 2.10.1
07-08-2022 @ 20:37:23 -     Google Analytics for WordPress by MonsterInsights by MonsterInsights – 8.6.0
07-08-2022 @ 20:37:23 -     Creative Mail by Constant Contact by Constant Contact – 1.5.3
07-08-2022 @ 20:37:23 -     Jetpack by Automattic – 11.1
07-08-2022 @ 20:37:23 -     Google Analytics for WordPress by MonsterInsights by MonsterInsights – 8.6.0
07-08-2022 @ 20:37:23 -     OptinMonster by OptinMonster Popup Builder Team – 2.7.0
07-08-2022 @ 20:37:23 -     WooCommerce Payments by Automattic – 4.4.0
07-08-2022 @ 20:37:23 -     Jetpack by Automattic – 11.1
07-08-2022 @ 20:37:23 -     WooCommerce Shipping & Tax by WooCommerce – 1.26.2
07-08-2022 @ 20:37:23 -     OptinMonster by OptinMonster Popup Builder Team – 2.7.0
07-08-2022 @ 20:37:23 -     WooCommerce by Automattic – 6.6.1
07-08-2022 @ 20:37:23 -     WooCommerce Payments by Automattic – 4.4.0
07-08-2022 @ 20:37:23 -     Yoast SEO by Team Yoast – 19.2
07-08-2022 @ 20:37:23 -     WooCommerce Shipping & Tax by WooCommerce – 1.26.2
07-08-2022 @ 20:37:23 -     WPForms Lite by WPForms – 1.7.5.1
07-08-2022 @ 20:37:23 -     WooCommerce by Automattic – 6.6.1
07-08-2022 @ 20:37:23 -     Yoast SEO by Team Yoast – 19.2
07-08-2022 @ 20:37:23 -     WPForms Lite by WPForms – 1.7.5.1
